#
# There is insufficient memory for the Java Runtime Environment to continue.
# Native memory allocation (malloc) failed to allocate 1048576 bytes for AllocateHeap
# Possible reasons:
#   The system is out of physical RAM or swap space
#   In 32 bit mode, the process size limit was hit
# Possible solutions:
#   Reduce memory load on the system
#   Increase physical memory or swap space
#   Check if swap backing store is full
#   Use 64 bit Java on a 64 bit OS
#   Decrease Java heap size (-Xmx/-Xms)
#   Decrease number of Java threads
#   Decrease Java thread stack sizes (-Xss)
#   Set larger code cache with -XX:ReservedCodeCacheSize=
# This output file may be truncated or incomplete.
#
#  Out of Memory Error (memory/allocation.inline.hpp:61), pid=7680, tid=0x00000000000019d4
#
# JRE version:  (8.0_162-b12) (build )
# Java VM: Java HotSpot(TM) 64-Bit Server VM (25.162-b12 mixed mode windows-amd64 compressed oops)
# Failed to write core dump. Minidumps are not enabled by default on client versions of Windows
#

---------------  T H R E A D  ---------------

Current thread (0x00000000025e4000):  JavaThread "Unknown thread" [_thread_in_vm, id=6612, stack(0x0000000002420000,0x0000000002520000)]

Stack: [0x0000000002420000,0x0000000002520000]
[error occurred during error reporting (printing stack bounds), id 0xc0000005]

Native frames: (J=compiled Java code, j=interpreted, Vv=VM code, C=native code)


---------------  P R O C E S S  ---------------

Java Threads: ( => current thread )

Other Threads:

=>0x00000000025e4000 (exited) JavaThread "Unknown thread" [_thread_in_vm, id=6612, stack(0x0000000002420000,0x0000000002520000)]

VM state:not at safepoint (normal execution)

VM Mutex/Monitor currently owned by a thread: None

Heap:
 PSYoungGen      total 37888K, used 655K [0x00000000d6400000, 0x00000000d8e00000, 0x0000000100000000)
  eden space 32768K, 2% used [0x00000000d6400000,0x00000000d64a3d80,0x00000000d8400000)
  from space 5120K, 0% used [0x00000000d8900000,0x00000000d8900000,0x00000000d8e00000)
  to   space 5120K, 0% used [0x00000000d8400000,0x00000000d8400000,0x00000000d8900000)
 ParOldGen       total 86016K, used 0K [0x0000000082c00000, 0x0000000088000000, 0x00000000d6400000)
  object space 86016K, 0% used [0x0000000082c00000,0x0000000082c00000,0x0000000088000000)
 Metaspace       used 747K, capacity 4480K, committed 4480K, reserved 1056768K
  class space    used 75K, capacity 384K, committed 384K, reserved 1048576K

Card table byte_map: [0x0000000011ba0000,0x0000000011f90000] byte_map_base: 0x000000001178a000

Marking Bits: (ParMarkBitMap*) 0x000000005f160860
 Begin Bits: [0x0000000012830000, 0x0000000014780000)
 End Bits:   [0x0000000014780000, 0x00000000166d0000)

Polling page: 0x0000000000780000

CodeCache: size=245760Kb used=328Kb max_used=328Kb free=245431Kb
 bounds [0x00000000027e0000, 0x0000000002a50000, 0x00000000117e0000]
 total_blobs=58 nmethods=0 adapters=38
 compilation: enabled

Compilation events (0 events):
No events

GC Heap History (0 events):
No events

Deoptimization events (0 events):
No events

Classes redefined (0 events):
No events

Internal exceptions (0 events):
No events

Events (10 events):
Event: 0.034 loading class java/lang/Short
Event: 0.034 loading class java/lang/Short done
Event: 0.034 loading class java/lang/Integer
Event: 0.034 loading class java/lang/Integer done
Event: 0.034 loading class java/lang/Long
Event: 0.034 loading class java/lang/Long done
Event: 0.035 loading class java/lang/NullPointerException
Event: 0.035 loading class java/lang/NullPointerException done
Event: 0.035 loading class java/lang/ArithmeticException
Event: 0.035 loading class java/lang/ArithmeticException done


Dynamic libraries:
0x00007ff7d9270000 - 0x00007ff7d92a7000 	C:\Program Files\Java\jre1.8.0_162\bin\javaw.exe
0x00007ffa8b7d0000 - 0x00007ffa8b9bd000 	C:\Windows\SYSTEM32\ntdll.dll
0x00007ffa88ed0000 - 0x00007ffa88f83000 	C:\Windows\System32\KERNEL32.DLL
0x00007ffa881f0000 - 0x00007ffa88483000 	C:\Windows\System32\KERNELBASE.dll
0x00007ffa8b5c0000 - 0x00007ffa8b663000 	C:\Windows\System32\ADVAPI32.dll
0x00007ffa8acd0000 - 0x00007ffa8ad6e000 	C:\Windows\System32\msvcrt.dll
0x00007ffa8b670000 - 0x00007ffa8b70e000 	C:\Windows\System32\sechost.dll
0x00007ffa88d70000 - 0x00007ffa88e92000 	C:\Windows\System32\RPCRT4.dll
0x00007ffa8b070000 - 0x00007ffa8b207000 	C:\Windows\System32\USER32.dll
0x00007ffa878a0000 - 0x00007ffa878c0000 	C:\Windows\System32\win32u.dll
0x00007ffa88ea0000 - 0x00007ffa88ec9000 	C:\Windows\System32\GDI32.dll
0x00007ffa887b0000 - 0x00007ffa88949000 	C:\Windows\System32\gdi32full.dll
0x00007ffa885f0000 - 0x00007ffa88690000 	C:\Windows\System32\msvcp_win.dll
0x00007ffa88690000 - 0x00007ffa8878a000 	C:\Windows\System32\ucrtbase.dll
0x00007ffa75ab0000 - 0x00007ffa75d29000 	C:\Windows\WinSxS\amd64_microsoft.windows.common-controls_6595b64144ccf1df_6.0.17763.678_none_05b74150071d72bf\COMCTL32.dll
0x00007ffa8b290000 - 0x00007ffa8b5bc000 	C:\Windows\System32\combase.dll
0x00007ffa88950000 - 0x00007ffa889ce000 	C:\Windows\System32\bcryptPrimitives.dll
0x00007ffa88ce0000 - 0x00007ffa88d0e000 	C:\Windows\System32\IMM32.DLL
0x000000005e4a0000 - 0x000000005e571000 	C:\Program Files\Java\jre1.8.0_162\bin\msvcr100.dll
0x000000005e940000 - 0x000000005f1e0000 	C:\Program Files\Java\jre1.8.0_162\bin\server\jvm.dll
0x00007ffa8ae90000 - 0x00007ffa8ae98000 	C:\Windows\System32\PSAPI.DLL
0x00007ffa84e10000 - 0x00007ffa84e34000 	C:\Windows\SYSTEM32\WINMM.dll
0x00007ffa4d8a0000 - 0x00007ffa4d8a9000 	C:\Windows\SYSTEM32\WSOCK32.dll
0x00007ffa7ddd0000 - 0x00007ffa7ddda000 	C:\Windows\SYSTEM32\VERSION.dll
0x00007ffa8abb0000 - 0x00007ffa8ac1d000 	C:\Windows\System32\WS2_32.dll
0x00007ffa84cf0000 - 0x00007ffa84d1d000 	C:\Windows\SYSTEM32\WINMMBASE.dll
0x00007ffa884f0000 - 0x00007ffa8853a000 	C:\Windows\System32\cfgmgr32.dll
0x000000005e850000 - 0x000000005e85f000 	C:\Program Files\Java\jre1.8.0_162\bin\verify.dll
0x000000005e820000 - 0x000000005e849000 	C:\Program Files\Java\jre1.8.0_162\bin\java.dll
0x000000005e800000 - 0x000000005e816000 	C:\Program Files\Java\jre1.8.0_162\bin\zip.dll

VM Arguments:
jvm_args: -ea -Dfile.encoding=Cp1252 
java_command: org.testng.remote.RemoteTestNG -serport 63969 -protocol json -d C:\Users\CBSTEsting\eclipse-workspace\CBS_1\test-output C:\Users\CBSTES~1\AppData\Local\Temp\testng-eclipse--459406335\testng-customsuite.xml
java_class_path (initial): C:\Users\CBSTEsting\eclipse\java-2018-09\eclipse\configuration\org.eclipse.osgi\527\0\.cp\lib\testng-remote.jar;C:\Users\CBSTEsting\eclipse-workspace\CBS_1\target\test-classes;C:\Users\CBSTEsting\eclipse-workspace\CBS_1\target\classes;C:\Users\CBSTEsting\.p2\pool\plugins\org.testng_7.0.0.r201908191551.jar;C:\Users\CBSTEsting\.p2\pool\plugins\com.beust.jcommander_1.72.0.jar;C:\Users\CBSTEsting\.p2\pool\plugins\org.apache-extras.beanshell.bsh_2.0.0.b6.jar;C:\Users\CBSTEsting\.p2\pool\plugins\org.yaml.snakeyaml_1.21.0.jar;C:\Users\CBSTEsting\.m2\repository\commons-codec\commons-codec\1.9\commons-codec-1.9.jar;C:\Users\CBSTEsting\.m2\repository\commons-io\commons-io\2.6\commons-io-2.6.jar;C:\Users\CBSTEsting\.m2\repository\org\apache\poi\poi-ooxml\3.8-beta4\poi-ooxml-3.8-beta4.jar;C:\Users\CBSTEsting\.m2\repository\org\apache\poi\poi\3.8-beta4\poi-3.8-beta4.jar;C:\Users\CBSTEsting\.m2\repository\org\apache\poi\poi-ooxml-schemas\3.8-beta4\poi-ooxml-schemas-3.8-beta4.jar;C:\Users\CBSTEsting\.m2\repository\dom4j\dom4j\1.6.1\dom4j-1.6.1.jar;C:\Users\CBSTEsting\.m2\repository\org\apache\xmlbeans\xmlbeans\3.0.2\xmlbeans-3.0.2.jar;C:\Users\CBSTEsting\.m2\repository\org\testng\testng\6.9.10\testng-6.9.10.jar;C:\Users\CBSTEsting\.m2\repository\com\beust\jcommander\1.48\jcommander-1.48.jar;C:\Users\CBSTEsting\.m2\repository\org\beanshell\bsh\2.0b4\bsh-2.0b4.jar;C:\Users\CBSTEsting\.m2\repository\org\seleniumhq\selenium\selenium-java\2.52.0\selenium-java-2.52.0.jar;C:\Users\CBSTEsting\.m2\repository\org\seleniumhq\selenium\selenium-chrome-driver\2.52.0\selenium-chrome-driver-2.52.0.jar;C:\Users\CBSTEsting\.m2\repository\org\seleniumhq\selenium\selenium-remote-driver\2.52.0\selenium-remote-driver-2.52.0.jar;C:\Users\CBSTEsting\.m2\repository\cglib\cglib-nodep\2.1_3\cglib-nodep-2.1_3.jar;C:\Users\CBSTEsting\.m2\repository\com\google\code\gson\gson\2.3.1\gson-2.3.1.jar;C:\Users\CBSTEsting\.m2\repository\org\seleniumhq\selenium\selenium-api\2.52.0\selenium
Launcher Type: SUN_STANDARD

Environment Variables:
JAVA_HOME=C:\Program Files\Java\jdk
PATH=C:/Program Files/Java/jre1.8.0_162/bin/server;C:/Program Files/Java/jre1.8.0_162/bin;C:/Program Files/Java/jre1.8.0_162/lib/amd64;C:\ProgramData\Oracle\Java\javapath;C:\Program Files (x86)\Java\jre\bin;C:\Program Files (x86)\Intel\Intel(R) Management Engine Components\iCLS\;C:\Program Files\Intel\Intel(R) Management Engine Components\iCLS\;C:\Windows\system32;C:\Windows;C:\Windows\System32\Wbem;C:\Windows\System32\WindowsPowerShell\v1.0\;C:\Windows\System32\OpenSSH\;C:\Program Files (x86)\Intel\Intel(R) Management Engine Components\DAL;C:\Program Files (x86)\Java\jre\bin;C:\Program Files\apache-maven-3.6.1\bin;C:\Users\CBSTEsting\AppData\Local\Microsoft\WindowsApps;;C:\Users\CBSTEsting\Desktop;
USERNAME=CBSTEsting
OS=Windows_NT
PROCESSOR_IDENTIFIER=Intel64 Family 6 Model 158 Stepping 10, GenuineIntel



---------------  S Y S T E M  ---------------

OS: Windows 10.0 , 64 bit Build 17763 (10.0.17763.475)

CPU:total 6 (initial active 6) (6 cores per cpu, 1 threads per core) family 6 model 158 stepping 10, cmov, cx8, fxsr, mmx, sse, sse2, sse3, ssse3, sse4.1, sse4.2, popcnt, avx, avx2, aes, clmul, erms, 3dnowpref, lzcnt, tsc, tscinvbit, bmi1, bmi2, adx

Memory: 4k page, physical 8207784k(557308k free), swap 33373608k(5836k free)

vm_info: Java HotSpot(TM) 64-Bit Server VM (25.162-b12) for windows-amd64 JRE (1.8.0_162-b12), built on Dec 19 2017 20:00:03 by "java_re" with MS VC++ 10.0 (VS2010)

time: Mon Oct 21 16:46:25 2019
elapsed time: 0 seconds (0d 0h 0m 0s)

